Info: DeliveryProcess:DataProjects_Process: 107 mini seconds publishing element
Info: DeliveryProcess:DataProjects_Process: 13 mini seconds publishing process specific layout data
Info: Phase:Business Understanding: 40 mini seconds publishing element
Info: Task:create_template_repository: 10 mini seconds publishing element
Info: TaskDescriptor:create_template_repository: 10 mini seconds publishing element
Info: Role:project_leader: 28 mini seconds publishing element
Info: RoleDescriptor:chief_project: 10 mini seconds publishing element
Info: Task:create_project_charter: 10 mini seconds publishing element
Info: TaskDescriptor:create_project_charter: 8 mini seconds publishing element
Info: Role:project_manager: 40 mini seconds publishing element
Info: RoleDescriptor:project_manager: 10 mini seconds publishing element
Info: Artifact:project_charter: 12 mini seconds publishing element
Info: WorkProductDescriptor:project_charter: 11 mini seconds publishing element
Info: Phase:Data ingest & understanding: 43 mini seconds publishing element
Info: Task:provision_data_infrastructure: 7 mini seconds publishing element
Info: TaskDescriptor:provision_data_infrastructure: 7 mini seconds publishing element
Info: RoleDescriptor:chief_project: 7 mini seconds publishing element
Info: Task:provision_compute_assets: 6 mini seconds publishing element
Info: TaskDescriptor:provision_compute_assets: 9 mini seconds publishing element
Info: Role:data_scientist: 49 mini seconds publishing element
Info: RoleDescriptor:data_scientist: 11 mini seconds publishing element
Info: Task:data_ingest__explore: 6 mini seconds publishing element
Info: TaskDescriptor:data_ingest__explore: 19 mini seconds publishing element
Info: Artifact:data_summary_report: 7 mini seconds publishing element
Info: WorkProductDescriptor:data_summary_report: 9 mini seconds publishing element
Info: Task:design_solution_architecture: 8 mini seconds publishing element
Info: TaskDescriptor:design_solution_architecture: 12 mini seconds publishing element
Info: Role:solution_architect: 26 mini seconds publishing element
Info: RoleDescriptor:solution_architect: 8 mini seconds publishing element
Info: Artifact:solution_architecture_diagram: 7 mini seconds publishing element
Info: WorkProductDescriptor:solution_architecture_diagram: 7 mini seconds publishing element
Info: Phase:Modeling: 39 mini seconds publishing element
Info: Task:feature_engineering: 6 mini seconds publishing element
Info: TaskDescriptor:feature_engineering: 6 mini seconds publishing element
Info: RoleDescriptor:data_scientist: 7 mini seconds publishing element
Info: Task:model_developing_: 6 mini seconds publishing element
Info: TaskDescriptor:model_developing_: 7 mini seconds publishing element
Info: Artifact:model_report: 7 mini seconds publishing element
Info: WorkProductDescriptor:model_report: 7 mini seconds publishing element
Info: Task:developp_data_pipeline: 5 mini seconds publishing element
Info: TaskDescriptor:developp_data_pipeline: 7 mini seconds publishing element
Info: RoleDescriptor:solution_architect: 7 mini seconds publishing element
Info: Phase:Deployment: 30 mini seconds publishing element
Info: Task:deploy_scoring_process: 6 mini seconds publishing element
Info: TaskDescriptor:deploy_scoring_process: 6 mini seconds publishing element
Info: RoleDescriptor:data_scientist: 10 mini seconds publishing element
Info: Task:monitor_health_and_matrics: 8 mini seconds publishing element
Info: TaskDescriptor:monitor_health_and_matrics: 7 mini seconds publishing element
Info: Artifact:dashboards: 5 mini seconds publishing element
Info: WorkProductDescriptor:dashboards: 7 mini seconds publishing element
Info: Task:deploy_pipeline: 5 mini seconds publishing element
Info: TaskDescriptor:deploy_pipeline: 6 mini seconds publishing element
Info: RoleDescriptor:solution_architect: 7 mini seconds publishing element
Info: Phase:Acceptance: 35 mini seconds publishing element
Info: Task:checkpoint_project: 5 mini seconds publishing element
Info: TaskDescriptor:checkpoint_project: 6 mini seconds publishing element
Info: RoleDescriptor:chief_project: 8 mini seconds publishing element
Info: Task:transition_to_production_support: 5 mini seconds publishing element
Info: TaskDescriptor:transition_to_production_support: 7 mini seconds publishing element
Info: Task:check_in_final_artifacts: 8 mini seconds publishing element
Info: TaskDescriptor:check_in_final_artifacts: 6 mini seconds publishing element
Info: RoleDescriptor:data_scientist: 8 mini seconds publishing element
Info: Task:decomission_compute_assets: 5 mini seconds publishing element
Info: TaskDescriptor:decomission_compute_assets: 7 mini seconds publishing element
Info: Task:finalize_documentation: 5 mini seconds publishing element
Info: TaskDescriptor:finalize_documentation: 6 mini seconds publishing element
Info: RoleDescriptor:project_manager: 7 mini seconds publishing element
Info: Artifact:project_final_report: 5 mini seconds publishing element
Info: WorkProductDescriptor:project_final_report: 7 mini seconds publishing element
Info: CustomCategory:data_science: 5 mini seconds publishing element
Info: : Publishing time: 0 minutes 2 seconds
